2023-03-25 16:32:55 [SERVER] [INFO] Starting integrated minecraft server version 1.5.2
2023-03-25 16:32:55 [SERVER] [INFO] Generating keypair
2023-03-25 16:32:55 [SERVER] [INFO] Preparing start region for level 0
2023-03-25 16:32:56 [SERVER] [INFO] Purpursarkans[/127.0.0.1:0] logged in with entity id 59 at (-404.12519251743254, 64.0, -641.7361633607094)
2023-03-25 16:32:56 [SERVER] [INFO] Saving and pausing game...
2023-03-25 16:32:56 [SERVER] [INFO] Saving chunks for level 'World1'/Overworld
2023-03-25 16:32:56 [SERVER] [INFO] Saving chunks for level 'World1'/Nether
2023-03-25 16:32:56 [SERVER] [INFO] Saving chunks for level 'World1'/The End
2023-03-25 16:33:04 [SERVER] [INFO] Saving and pausing game...
2023-03-25 16:33:04 [SERVER] [INFO] Saving chunks for level 'World1'/Overworld
2023-03-25 16:33:04 [SERVER] [INFO] Saving chunks for level 'World1'/Nether
2023-03-25 16:33:04 [SERVER] [INFO] Saving chunks for level 'World1'/The End
2023-03-25 16:33:05 [SERVER] [INFO] Saving and pausing game...
2023-03-25 16:33:05 [SERVER] [INFO] Saving chunks for level 'World1'/Overworld
2023-03-25 16:33:05 [SERVER] [INFO] Saving chunks for level 'World1'/Nether
2023-03-25 16:33:05 [SERVER] [INFO] Saving chunks for level 'World1'/The End
2023-03-25 16:33:06 [SERVER] [INFO] Stopping server
2023-03-25 16:33:06 [SERVER] [INFO] Saving players
2023-03-25 16:33:06 [SERVER] [INFO] Saving worlds
2023-03-25 16:33:06 [SERVER] [INFO] Saving chunks for level 'World1'/Overworld
2023-03-25 16:33:06 [SERVER] [INFO] Saving chunks for level 'World1'/Nether
2023-03-25 16:33:06 [SERVER] [INFO] Saving chunks for level 'World1'/The End
2023-03-25 16:39:37 [SERVER] [INFO] Starting integrated minecraft server version 1.5.2
2023-03-25 16:39:37 [SERVER] [INFO] Generating keypair
2023-03-25 16:39:37 [SERVER] [INFO] Preparing start region for level 0
2023-03-25 16:39:37 [SERVER] [INFO] Purpursarkans[/127.0.0.1:0] logged in with entity id 38 at (-404.12519251743254, 64.0, -641.7361633607094)
2023-03-25 16:39:37 [SERVER] [INFO] Saving and pausing game...
2023-03-25 16:39:37 [SERVER] [INFO] Saving chunks for level 'World1'/Overworld
2023-03-25 16:39:37 [SERVER] [INFO] Saving chunks for level 'World1'/Nether
2023-03-25 16:39:37 [SERVER] [INFO] Saving chunks for level 'World1'/The End
2023-03-25 16:39:41 [SERVER] [INFO] Saving and pausing game...
2023-03-25 16:39:41 [SERVER] [INFO] Saving chunks for level 'World1'/Overworld
2023-03-25 16:39:41 [SERVER] [INFO] Saving chunks for level 'World1'/Nether
2023-03-25 16:39:41 [SERVER] [INFO] Saving chunks for level 'World1'/The End
2023-03-25 16:39:41 [SERVER] [INFO] Stopping server
2023-03-25 16:39:41 [SERVER] [INFO] Saving players
2023-03-25 16:39:41 [SERVER] [INFO] Saving worlds
2023-03-25 16:39:41 [SERVER] [INFO] Saving chunks for level 'World1'/Overworld
2023-03-25 16:39:41 [SERVER] [INFO] Saving chunks for level 'World1'/Nether
2023-03-25 16:39:41 [SERVER] [INFO] Saving chunks for level 'World1'/The End
2023-03-26 00:25:02 [SERVER] [INFO] Starting integrated minecraft server version 1.5.2
2023-03-26 00:25:02 [SERVER] [INFO] Generating keypair
2023-03-26 00:25:02 [SERVER] [INFO] Preparing start region for level 0
2023-03-26 00:25:03 [SERVER] [INFO] Purpursarkans[/127.0.0.1:0] logged in with entity id 38 at (-405.8992437861876, 65.0, -648.0799788035868)
2023-03-26 00:25:04 [SERVER] [INFO] Saving and pausing game...
2023-03-26 00:25:04 [SERVER] [INFO] Saving chunks for level 'World1'/Overworld
2023-03-26 00:25:04 [SERVER] [INFO] Saving chunks for level 'World1'/Nether
2023-03-26 00:25:04 [SERVER] [INFO] Saving chunks for level 'World1'/The End
2023-03-26 00:25:08 [SERVER] [INFO] Saving and pausing game...
2023-03-26 00:25:08 [SERVER] [INFO] Saving chunks for level 'World1'/Overworld
2023-03-26 00:25:08 [SERVER] [INFO] Saving chunks for level 'World1'/Nether
2023-03-26 00:25:08 [SERVER] [INFO] Saving chunks for level 'World1'/The End
2023-03-26 00:25:13 [SERVER] [INFO] Saving and pausing game...
2023-03-26 00:25:13 [SERVER] [INFO] Saving chunks for level 'World1'/Overworld
2023-03-26 00:25:13 [SERVER] [INFO] Saving chunks for level 'World1'/Nether
2023-03-26 00:25:13 [SERVER] [INFO] Saving chunks for level 'World1'/The End
2023-03-26 00:26:21 [SERVER] [INFO] Saving and pausing game...
2023-03-26 00:26:21 [SERVER] [INFO] Saving chunks for level 'World1'/Overworld
2023-03-26 00:26:21 [SERVER] [INFO] Saving chunks for level 'World1'/Nether
2023-03-26 00:26:21 [SERVER] [INFO] Saving chunks for level 'World1'/The End
2023-03-26 00:27:14 [SERVER] [INFO] Saving and pausing game...
2023-03-26 00:27:14 [SERVER] [INFO] Saving chunks for level 'World1'/Overworld
2023-03-26 00:27:14 [SERVER] [INFO] Saving chunks for level 'World1'/Nether
2023-03-26 00:27:14 [SERVER] [INFO] Saving chunks for level 'World1'/The End
2023-03-26 00:31:17 [SERVER] [INFO] Saving and pausing game...
2023-03-26 00:31:17 [SERVER] [INFO] Saving chunks for level 'World1'/Overworld
2023-03-26 00:31:17 [SERVER] [INFO] Saving chunks for level 'World1'/Nether
2023-03-26 00:31:17 [SERVER] [INFO] Saving chunks for level 'World1'/The End
2023-03-26 00:31:31 [SERVER] [INFO] Saving and pausing game...
2023-03-26 00:31:31 [SERVER] [INFO] Saving chunks for level 'World1'/Overworld
2023-03-26 00:31:31 [SERVER] [INFO] Saving chunks for level 'World1'/Nether
2023-03-26 00:31:31 [SERVER] [INFO] Saving chunks for level 'World1'/The End
2023-03-26 00:31:32 [SERVER] [INFO] Stopping server
2023-03-26 00:31:32 [SERVER] [INFO] Saving players
2023-03-26 00:31:32 [SERVER] [INFO] Saving worlds
2023-03-26 00:31:32 [SERVER] [INFO] Saving chunks for level 'World1'/Overworld
2023-03-26 00:31:32 [SERVER] [INFO] Saving chunks for level 'World1'/Nether
2023-03-26 00:31:32 [SERVER] [INFO] Saving chunks for level 'World1'/The End
