[20:30:49] [Client thread/INFO]: Setting user: Purpursarkans
[20:30:50] [Client thread/WARN]: Skipping bad option: lastServer:
[20:30:50] [Client thread/INFO]: LWJGL Version: 3.1.6 build 14
[20:30:51] [Client thread/INFO]: Reloading ResourceManager: Default
[20:30:51] [Sound Library Loader/INFO]: Starting up SoundSystem...
[20:30:51] [Thread-1/INFO]: Initializing No Sound
[20:30:51] [Thread-1/INFO]: (Silent Mode)
[20:30:51] [Thread-1/INFO]: OpenAL initialized.
[20:30:52] [Sound Library Loader/INFO]: Preloading sound minecraft:sounds/ambient/underwater/underwater_ambience.ogg
[20:30:52] [Sound Library Loader/INFO]: Sound engine started
[20:30:55] [Client thread/INFO]: Created: 1024x512 textures-atlas
[20:30:56] [Client thread/INFO]: Narrator library for x64 successfully loaded
[20:30:59] [Client thread/WARN]: Ambiguity between arguments [teleport, destination] and [teleport, targets] with inputs: [Player, 0123, @e, dd12be42-52a9-4a91-a8a1-11c01849e498]
[20:30:59] [Client thread/WARN]: Ambiguity between arguments [teleport, location] and [teleport, destination] with inputs: [0.1 -0.5 .9, 0 0 0]
[20:30:59] [Client thread/WARN]: Ambiguity between arguments [teleport, location] and [teleport, targets] with inputs: [0.1 -0.5 .9, 0 0 0]
[20:30:59] [Client thread/WARN]: Ambiguity between arguments [teleport, targets] and [teleport, destination] with inputs: [Player, 0123, dd12be42-52a9-4a91-a8a1-11c01849e498]
[20:30:59] [Client thread/WARN]: Ambiguity between arguments [teleport, targets, location] and [teleport, targets, destination] with inputs: [0.1 -0.5 .9, 0 0 0]
[20:30:59] [Client thread/INFO]: Loaded 0 recipes
[20:30:59] [Client thread/INFO]: Loaded 0 advancements
[20:30:59] [Server thread/INFO]: Starting integrated minecraft server version 1.13.2
[20:30:59] [Server thread/INFO]: Generating keypair
[20:30:59] [Server thread/INFO]: Reloading ResourceManager: Default
[20:30:59] [Server thread/INFO]: Loaded 524 recipes
[20:31:00] [Server thread/INFO]: Loaded 571 advancements
[20:31:00] [Server thread/INFO]: Preparing start region for dimension minecraft:overworld
[20:31:00] [Server thread/INFO]: Подготовка области возрождения: 4%
[20:31:00] [Server thread/INFO]: Подготовка области возрождения: 8%
[20:31:00] [Server thread/INFO]: Подготовка области возрождения: 12%
[20:31:00] [Server thread/INFO]: Подготовка области возрождения: 16%
[20:31:01] [Server thread/INFO]: Подготовка области возрождения: 20%
[20:31:01] [Server thread/INFO]: Подготовка области возрождения: 24%
[20:31:01] [Server thread/INFO]: Подготовка области возрождения: 28%
[20:31:01] [Server thread/INFO]: Подготовка области возрождения: 32%
[20:31:01] [Server thread/INFO]: Подготовка области возрождения: 36%
[20:31:01] [Server thread/INFO]: Подготовка области возрождения: 40%
[20:31:01] [Server thread/INFO]: Подготовка области возрождения: 44%
[20:31:01] [Server thread/INFO]: Подготовка области возрождения: 48%
[20:31:01] [Server thread/INFO]: Подготовка области возрождения: 52%
[20:31:01] [Server thread/INFO]: Подготовка области возрождения: 56%
[20:31:01] [Server thread/INFO]: Подготовка области возрождения: 60%
[20:31:01] [Server thread/INFO]: Подготовка области возрождения: 64%
[20:31:01] [Server thread/INFO]: Подготовка области возрождения: 68%
[20:31:01] [Server thread/INFO]: Подготовка области возрождения: 72%
[20:31:01] [Server thread/INFO]: Подготовка области возрождения: 76%
[20:31:01] [Server thread/INFO]: Подготовка области возрождения: 80%
[20:31:01] [Server thread/INFO]: Подготовка области возрождения: 84%
[20:31:01] [Server thread/INFO]: Подготовка области возрождения: 88%
[20:31:01] [Server thread/INFO]: Подготовка области возрождения: 92%
[20:31:01] [Server thread/INFO]: Подготовка области возрождения: 96%
[20:31:01] [Server thread/INFO]: Подготовка области возрождения: 100%
[20:31:01] [Server thread/INFO]: Time elapsed: 987 ms
[20:31:01] [Server thread/INFO]: Changing view distance to 32, from 10
[20:31:02] [Server thread/INFO]: Purpursarkans[local:E:2a43fd6e] logged in with entity id 131 at (-156.34671849409514, 70.20000004768372, 26.69999998807907)
[20:31:02] [Server thread/INFO]: Purpursarkans присоединился к игре
[20:31:09] [Client thread/INFO]: Loaded 24 advancements
[20:31:13] [Server thread/WARN]: Can't keep up! Is the server overloaded? Running 7176ms or 143 ticks behind
[20:37:25] [Server thread/INFO]: Saving and pausing game...
[20:37:25] [Server thread/INFO]: Saving chunks for level 'Creative'/minecraft:the_nether
[20:37:25] [Server thread/INFO]: Saving chunks for level 'Creative'/minecraft:the_end
[20:37:25] [Server thread/INFO]: Saving chunks for level 'Creative'/minecraft:overworld
[20:37:31] [Client thread/INFO]: [CHAT] Неизвестная команда
[20:37:31] [Client thread/INFO]: [CHAT] /kill<--[ЗДЕСЬ]
[20:37:33] [Server thread/INFO]: Purpursarkans выпал из мира
[20:37:33] [Server thread/INFO]: [Purpursarkans: Purpursarkans убит]
[20:37:33] [Client thread/INFO]: [CHAT] Purpursarkans выпал из мира
[20:37:33] [Client thread/INFO]: [CHAT] Purpursarkans убит
[20:37:41] [Server thread/WARN]: Can't keep up! Is the server overloaded? Running 4985ms or 99 ticks behind
[20:37:52] [Server thread/INFO]: Purpursarkans получил достижение «[Горячая штучка]»
[20:37:52] [Client thread/INFO]: [CHAT] Purpursarkans получил достижение «[Горячая штучка]»
[20:37:52] [Client thread/INFO]: Loaded 24 advancements
[20:38:00] [Client thread/INFO]: Loaded 38 advancements
[20:38:15] [Server thread/INFO]: Purpursarkans получил достижение «[Не отходя от кассы!]»
[20:38:15] [Client thread/INFO]: [CHAT] Purpursarkans получил достижение «[Не отходя от кассы!]»
[20:38:15] [Client thread/INFO]: Loaded 41 advancements
[20:38:28] [Client thread/INFO]: Loaded 43 advancements
[20:38:32] [Server thread/INFO]: Saving and pausing game...
[20:38:32] [Server thread/INFO]: Saving chunks for level 'Creative'/minecraft:the_nether
[20:38:32] [Server thread/INFO]: Saving chunks for level 'Creative'/minecraft:the_end
[20:38:32] [Server thread/INFO]: Saving chunks for level 'Creative'/minecraft:overworld
[20:38:49] [Client thread/INFO]: Loaded 56 advancements
[20:39:01] [Client thread/INFO]: Loaded 58 advancements
[20:39:19] [Client thread/INFO]: Loaded 65 advancements
[20:41:11] [Client thread/INFO]: Loaded 69 advancements
[20:42:15] [Client thread/INFO]: Loaded 70 advancements
[20:44:31] [Server thread/INFO]: Purpursarkans получил достижение «[Каменный век]»
[20:44:31] [Client thread/INFO]: [CHAT] Purpursarkans получил достижение «[Каменный век]»
[20:44:31] [Client thread/INFO]: Loaded 81 advancements
[20:44:39] [Client thread/INFO]: Loaded 87 advancements
[20:47:30] [Server thread/WARN]: Can't keep up! Is the server overloaded? Running 2005ms or 40 ticks behind
[20:48:36] [Client thread/INFO]: Loaded 88 advancements
[20:49:14] [Client thread/INFO]: Loaded 89 advancements
[20:49:23] [Client thread/INFO]: Loaded 123 advancements
[20:50:57] [Server thread/WARN]: Can't keep up! Is the server overloaded? Running 12325ms or 246 ticks behind
[20:51:26] [Server thread/WARN]: Can't keep up! Is the server overloaded? Running 2082ms or 41 ticks behind
[20:51:47] [Server thread/INFO]: [Purpursarkans: Ваш режим игры изменён на Режим наблюдателя]
[20:51:47] [Client thread/INFO]: [CHAT] Ваш режим игры изменён на Режим наблюдателя
[20:51:59] [Client thread/WARN]: Unable to play empty soundEvent: minecraft:entity.cod.ambient
[20:52:22] [Server thread/INFO]: [Purpursarkans: Ваш режим игры изменён на Творческий режим]
[20:52:22] [Client thread/INFO]: [CHAT] Ваш режим игры изменён на Творческий режим
[20:59:09] [Server thread/INFO]: Saving and pausing game...
[20:59:09] [Server thread/INFO]: Saving chunks for level 'Creative'/minecraft:the_nether
[20:59:09] [Server thread/INFO]: Saving chunks for level 'Creative'/minecraft:the_end
[20:59:09] [Server thread/INFO]: Saving chunks for level 'Creative'/minecraft:overworld
[20:59:09] [Server thread/INFO]: Purpursarkans lost connection: Отключение
[20:59:09] [Server thread/INFO]: Purpursarkans покинул игру
[20:59:10] [Server thread/INFO]: Stopping singleplayer server as player logged out
[20:59:10] [Server thread/INFO]: Stopping server
[20:59:10] [Server thread/INFO]: Saving players
[20:59:10] [Server thread/INFO]: Saving worlds
[20:59:10] [Server thread/INFO]: Saving chunks for level 'Creative'/minecraft:the_nether
[20:59:10] [Server thread/INFO]: Saving chunks for level 'Creative'/minecraft:the_end
[20:59:10] [Server thread/INFO]: Saving chunks for level 'Creative'/minecraft:overworld
[20:59:11] [Client thread/INFO]: Stopping!
[20:59:12] [Client thread/INFO]: SoundSystem shutting down...
[20:59:12] [Client thread/INFO]: SoundSystem Author: Paul Lamb, www.paulscode.com
